current directory: /home/lucas/Projetos/op_codigo_de_ouro_platform/gems/psych-5.1.0/ext/psych
/home/lucas/.rbenv/versions/3.0.5/bin/ruby -I /home/lucas/.rbenv/versions/3.0.5/lib/ruby/3.0.0 -r ./siteconf20231113-17182-u00nnk.rb extconf.rb
checking for yaml.h... yes
checking for yaml_get_version() in -lyaml... yes
creating Makefile

current directory: /home/lucas/Projetos/op_codigo_de_ouro_platform/gems/psych-5.1.0/ext/psych
make DESTDIR\= clean
cd libyaml && make clean
/bin/sh: 1: cd: can't cd to libyaml
make: [Makefile:281: clean-so] Error 2 (ignored)

current directory: /home/lucas/Projetos/op_codigo_de_ouro_platform/gems/psych-5.1.0/ext/psych
make DESTDIR\=
compiling psych.c
compiling psych_emitter.c
compiling psych_parser.c
compiling psych_to_ruby.c
compiling psych_yaml_tree.c
linking shared-object psych.so

current directory: /home/lucas/Projetos/op_codigo_de_ouro_platform/gems/psych-5.1.0/ext/psych
make DESTDIR\= install
/usr/bin/install -c -m 0755 psych.so ./.gem.20231113-17182-i6n9is
